2023-11-30T10:23:17.080+05:30  INFO 27816 --- [main] c.e.S.StudentExampleApplication          : Starting StudentExampleApplication using Java 17.0.7 with PID 27816 (C:\Users\nayant\git\SpringBoot\Student-example\target\classes started by nayant in C:\Users\nayant\git\SpringBoot\Student-example)
2023-11-30T10:23:17.090+05:30  INFO 27816 --- [main] c.e.S.StudentExampleApplication          : No active profile set, falling back to 1 default profile: "default"
2023-11-30T10:23:17.726+05:30  INFO 27816 --- [main] .s.d.r.c.RepositoryConfigurationDelegate : Bootstrapping Spring Data MongoDB repositories in DEFAULT mode.
2023-11-30T10:23:17.795+05:30  INFO 27816 --- [main] .s.d.r.c.RepositoryConfigurationDelegate : Finished Spring Data repository scanning in 61 ms. Found 1 MongoDB repository interfaces.
2023-11-30T10:23:18.238+05:30  INFO 27816 --- [main] o.s.b.w.embedded.tomcat.TomcatWebServer  : Tomcat initialized with port(s): 8080 (http)
2023-11-30T10:23:18.251+05:30  INFO 27816 --- [main] o.apache.catalina.core.StandardService   : Starting service [Tomcat]
2023-11-30T10:23:18.252+05:30  INFO 27816 --- [main] o.apache.catalina.core.StandardEngine    : Starting Servlet engine: [Apache Tomcat/10.1.15]
2023-11-30T10:23:18.386+05:30  INFO 27816 --- [main] o.a.c.c.C.[Tomcat].[localhost].[/]       : Initializing Spring embedded WebApplicationContext
2023-11-30T10:23:18.387+05:30  INFO 27816 --- [main] w.s.c.ServletWebServerApplicationContext : Root WebApplicationContext: initialization completed in 1233 ms
2023-11-30T10:23:18.631+05:30  INFO 27816 --- [main] org.mongodb.driver.client                : MongoClient with metadata {"driver": {"name": "mongo-java-driver|sync|spring-boot", "version": "4.9.1"}, "os": {"type": "Windows", "name": "Windows 11", "architecture": "amd64", "version": "10.0"}, "platform": "Java/Eclipse Adoptium/17.0.7+7"} created with settings MongoClientSettings{readPreference=primary, writeConcern=WriteConcern{w=null, wTimeout=null ms, journal=null}, retryWrites=true, retryReads=true, readConcern=ReadConcern{level=null}, credential=null, streamFactoryFactory=null, commandListeners=[], codecRegistry=ProvidersCodecRegistry{codecProviders=[ValueCodecProvider{}, BsonValueCodecProvider{}, DBRefCodecProvider{}, DBObjectCodecProvider{}, DocumentCodecProvider{}, CollectionCodecProvider{}, IterableCodecProvider{}, MapCodecProvider{}, GeoJsonCodecProvider{}, GridFSFileCodecProvider{}, Jsr310CodecProvider{}, JsonObjectCodecProvider{}, BsonCodecProvider{}, EnumCodecProvider{}, com.mongodb.client.model.mql.ExpressionCodecProvider@1536ea40, com.mongodb.Jep395RecordCodecProvider@36776c32]}, loggerSettings=LoggerSettings{maxDocumentLength=1000}, clusterSettings={hosts=[localhost:27017], srvServiceName=mongodb, mode=SINGLE, requiredClusterType=UNKNOWN, requiredReplicaSetName='null', serverSelector='null', clusterListeners='[]', serverSelectionTimeout='30000 ms', localThreshold='30000 ms'}, socketSettings=SocketSettings{connectTimeoutMS=10000, readTimeoutMS=0, receiveBufferSize=0, sendBufferSize=0}, heartbeatSocketSettings=SocketSettings{connectTimeoutMS=10000, readTimeoutMS=10000, receiveBufferSize=0, sendBufferSize=0}, connectionPoolSettings=ConnectionPoolSettings{maxSize=100, minSize=0, maxWaitTimeMS=120000, maxConnectionLifeTimeMS=0, maxConnectionIdleTimeMS=0, maintenanceInitialDelayMS=0, maintenanceFrequencyMS=60000, connectionPoolListeners=[], maxConnecting=2}, serverSettings=ServerSettings{heartbeatFrequencyMS=10000, minHeartbeatFrequencyMS=500, serverListeners='[]', serverMonitorListeners='[]'}, sslSettings=SslSettings{enabled=false, invalidHostNameAllowed=false, context=null}, applicationName='null', compressorList=[], uuidRepresentation=JAVA_LEGACY, serverApi=null, autoEncryptionSettings=null, contextProvider=null}
2023-11-30T10:23:18.651+05:30  INFO 27816 --- [cluster-ClusterId{value='6568153e6c39790a272ae254', description='null'}-localhost:27017] org.mongodb.driver.cluster               : Monitor thread successfully connected to server with description ServerDescription{address=localhost:27017, type=STANDALONE, state=CONNECTED, ok=true, minWireVersion=0, maxWireVersion=17, maxDocumentSize=16777216, logicalSessionTimeoutMinutes=30, roundTripTimeNanos=23088099}
2023-11-30T10:23:19.229+05:30  INFO 27816 --- [main] o.s.b.w.embedded.tomcat.TomcatWebServer  : Tomcat started on port(s): 8080 (http) with context path ''
2023-11-30T10:23:19.237+05:30  INFO 27816 --- [main] c.e.S.StudentExampleApplication          : Started StudentExampleApplication in 2.613 seconds (process running for 3.406)
2023-11-30T10:23:30.484+05:30  INFO 2108 --- [main] c.e.S.StudentExampleApplication          : Starting StudentExampleApplication using Java 17.0.7 with PID 2108 (C:\Users\nayant\git\SpringBoot\Student-example\target\classes started by nayant in C:\Users\nayant\git\SpringBoot\Student-example)
2023-11-30T10:23:30.487+05:30  INFO 2108 --- [main] c.e.S.StudentExampleApplication          : No active profile set, falling back to 1 default profile: "default"
2023-11-30T10:23:30.974+05:30  INFO 2108 --- [main] .s.d.r.c.RepositoryConfigurationDelegate : Bootstrapping Spring Data MongoDB repositories in DEFAULT mode.
2023-11-30T10:23:31.026+05:30  INFO 2108 --- [main] .s.d.r.c.RepositoryConfigurationDelegate : Finished Spring Data repository scanning in 45 ms. Found 1 MongoDB repository interfaces.
2023-11-30T10:23:31.381+05:30  INFO 2108 --- [main] o.s.b.w.embedded.tomcat.TomcatWebServer  : Tomcat initialized with port(s): 8080 (http)
2023-11-30T10:23:31.390+05:30  INFO 2108 --- [main] o.apache.catalina.core.StandardService   : Starting service [Tomcat]
2023-11-30T10:23:31.391+05:30  INFO 2108 --- [main] o.apache.catalina.core.StandardEngine    : Starting Servlet engine: [Apache Tomcat/10.1.15]
2023-11-30T10:23:31.496+05:30  INFO 2108 --- [main] o.a.c.c.C.[Tomcat].[localhost].[/]       : Initializing Spring embedded WebApplicationContext
2023-11-30T10:23:31.497+05:30  INFO 2108 --- [main] w.s.c.ServletWebServerApplicationContext : Root WebApplicationContext: initialization completed in 958 ms
2023-11-30T10:23:31.723+05:30  INFO 2108 --- [main] org.mongodb.driver.client                : MongoClient with metadata {"driver": {"name": "mongo-java-driver|sync|spring-boot", "version": "4.9.1"}, "os": {"type": "Windows", "name": "Windows 11", "architecture": "amd64", "version": "10.0"}, "platform": "Java/Eclipse Adoptium/17.0.7+7"} created with settings MongoClientSettings{readPreference=primary, writeConcern=WriteConcern{w=null, wTimeout=null ms, journal=null}, retryWrites=true, retryReads=true, readConcern=ReadConcern{level=null}, credential=null, streamFactoryFactory=null, commandListeners=[], codecRegistry=ProvidersCodecRegistry{codecProviders=[ValueCodecProvider{}, BsonValueCodecProvider{}, DBRefCodecProvider{}, DBObjectCodecProvider{}, DocumentCodecProvider{}, CollectionCodecProvider{}, IterableCodecProvider{}, MapCodecProvider{}, GeoJsonCodecProvider{}, GridFSFileCodecProvider{}, Jsr310CodecProvider{}, JsonObjectCodecProvider{}, BsonCodecProvider{}, EnumCodecProvider{}, com.mongodb.client.model.mql.ExpressionCodecProvider@79476a4e, com.mongodb.Jep395RecordCodecProvider@52ae997b]}, loggerSettings=LoggerSettings{maxDocumentLength=1000}, clusterSettings={hosts=[localhost:27017], srvServiceName=mongodb, mode=SINGLE, requiredClusterType=UNKNOWN, requiredReplicaSetName='null', serverSelector='null', clusterListeners='[]', serverSelectionTimeout='30000 ms', localThreshold='30000 ms'}, socketSettings=SocketSettings{connectTimeoutMS=10000, readTimeoutMS=0, receiveBufferSize=0, sendBufferSize=0}, heartbeatSocketSettings=SocketSettings{connectTimeoutMS=10000, readTimeoutMS=10000, receiveBufferSize=0, sendBufferSize=0}, connectionPoolSettings=ConnectionPoolSettings{maxSize=100, minSize=0, maxWaitTimeMS=120000, maxConnectionLifeTimeMS=0, maxConnectionIdleTimeMS=0, maintenanceInitialDelayMS=0, maintenanceFrequencyMS=60000, connectionPoolListeners=[], maxConnecting=2}, serverSettings=ServerSettings{heartbeatFrequencyMS=10000, minHeartbeatFrequencyMS=500, serverListeners='[]', serverMonitorListeners='[]'}, sslSettings=SslSettings{enabled=false, invalidHostNameAllowed=false, context=null}, applicationName='null', compressorList=[], uuidRepresentation=JAVA_LEGACY, serverApi=null, autoEncryptionSettings=null, contextProvider=null}
2023-11-30T10:23:31.736+05:30  INFO 2108 --- [cluster-ClusterId{value='6568154bc74e7e64643abded', description='null'}-localhost:27017] org.mongodb.driver.cluster               : Monitor thread successfully connected to server with description ServerDescription{address=localhost:27017, type=STANDALONE, state=CONNECTED, ok=true, minWireVersion=0, maxWireVersion=17, maxDocumentSize=16777216, logicalSessionTimeoutMinutes=30, roundTripTimeNanos=25048300}
2023-11-30T10:23:32.343+05:30  WARN 2108 --- [main] ConfigServletWebServerApplicationContext : Exception encountered during context initialization - cancelling refresh attempt: org.springframework.context.ApplicationContextException: Failed to start bean 'webServerStartStop'
2023-11-30T10:23:32.353+05:30  INFO 2108 --- [main] o.apache.catalina.core.StandardService   : Stopping service [Tomcat]
2023-11-30T10:23:32.372+05:30  INFO 2108 --- [main] .s.b.a.l.ConditionEvaluationReportLogger : 

Error starting ApplicationContext. To display the condition evaluation report re-run your application with 'debug' enabled.
2023-11-30T10:23:32.402+05:30 ERROR 2108 --- [main] o.s.b.d.LoggingFailureAnalysisReporter   : 

***************************
APPLICATION FAILED TO START
***************************

Description:

Web server failed to start. Port 8080 was already in use.

Action:

Identify and stop the process that's listening on port 8080 or configure this application to listen on another port.

2023-11-30T10:24:25.064+05:30  INFO 21140 --- [main] c.e.S.StudentExampleApplicationTests     : Starting StudentExampleApplicationTests using Java 17.0.7 with PID 21140 (started by nayant in C:\Users\nayant\git\SpringBoot\Student-example)
2023-11-30T10:24:25.068+05:30  INFO 21140 --- [main] c.e.S.StudentExampleApplicationTests     : No active profile set, falling back to 1 default profile: "default"
2023-11-30T10:24:26.140+05:30  INFO 21140 --- [main] .s.d.r.c.RepositoryConfigurationDelegate : Bootstrapping Spring Data MongoDB repositories in DEFAULT mode.
2023-11-30T10:24:26.231+05:30  INFO 21140 --- [main] .s.d.r.c.RepositoryConfigurationDelegate : Finished Spring Data repository scanning in 78 ms. Found 1 MongoDB repository interfaces.
2023-11-30T10:24:27.070+05:30  INFO 21140 --- [main] org.mongodb.driver.client                : MongoClient with metadata {"driver": {"name": "mongo-java-driver|sync|spring-boot", "version": "4.9.1"}, "os": {"type": "Windows", "name": "Windows 11", "architecture": "amd64", "version": "10.0"}, "platform": "Java/Eclipse Adoptium/17.0.7+7"} created with settings MongoClientSettings{readPreference=primary, writeConcern=WriteConcern{w=null, wTimeout=null ms, journal=null}, retryWrites=true, retryReads=true, readConcern=ReadConcern{level=null}, credential=null, streamFactoryFactory=null, commandListeners=[], codecRegistry=ProvidersCodecRegistry{codecProviders=[ValueCodecProvider{}, BsonValueCodecProvider{}, DBRefCodecProvider{}, DBObjectCodecProvider{}, DocumentCodecProvider{}, CollectionCodecProvider{}, IterableCodecProvider{}, MapCodecProvider{}, GeoJsonCodecProvider{}, GridFSFileCodecProvider{}, Jsr310CodecProvider{}, JsonObjectCodecProvider{}, BsonCodecProvider{}, EnumCodecProvider{}, com.mongodb.client.model.mql.ExpressionCodecProvider@4844e24b, com.mongodb.Jep395RecordCodecProvider@2571bdf4]}, loggerSettings=LoggerSettings{maxDocumentLength=1000}, clusterSettings={hosts=[localhost:27017], srvServiceName=mongodb, mode=SINGLE, requiredClusterType=UNKNOWN, requiredReplicaSetName='null', serverSelector='null', clusterListeners='[]', serverSelectionTimeout='30000 ms', localThreshold='30000 ms'}, socketSettings=SocketSettings{connectTimeoutMS=10000, readTimeoutMS=0, receiveBufferSize=0, sendBufferSize=0}, heartbeatSocketSettings=SocketSettings{connectTimeoutMS=10000, readTimeoutMS=10000, receiveBufferSize=0, sendBufferSize=0}, connectionPoolSettings=ConnectionPoolSettings{maxSize=100, minSize=0, maxWaitTimeMS=120000, maxConnectionLifeTimeMS=0, maxConnectionIdleTimeMS=0, maintenanceInitialDelayMS=0, maintenanceFrequencyMS=60000, connectionPoolListeners=[], maxConnecting=2}, serverSettings=ServerSettings{heartbeatFrequencyMS=10000, minHeartbeatFrequencyMS=500, serverListeners='[]', serverMonitorListeners='[]'}, sslSettings=SslSettings{enabled=false, invalidHostNameAllowed=false, context=null}, applicationName='null', compressorList=[], uuidRepresentation=JAVA_LEGACY, serverApi=null, autoEncryptionSettings=null, contextProvider=null}
2023-11-30T10:24:27.093+05:30  INFO 21140 --- [cluster-ClusterId{value='65681582a3c747234a4ba173', description='null'}-localhost:27017] org.mongodb.driver.cluster               : Monitor thread successfully connected to server with description ServerDescription{address=localhost:27017, type=STANDALONE, state=CONNECTED, ok=true, minWireVersion=0, maxWireVersion=17, maxDocumentSize=16777216, logicalSessionTimeoutMinutes=30, roundTripTimeNanos=37678300}
2023-11-30T10:24:28.374+05:30  INFO 21140 --- [main] c.e.S.StudentExampleApplicationTests     : Started StudentExampleApplicationTests in 3.951 seconds (process running for 6.272)
2023-11-30T10:24:31.665+05:30  INFO 21140 --- [main] c.e.S.controller.StudentController       : Method updateStudent started
2023-11-30T10:24:31.668+05:30  INFO 21140 --- [main] c.e.S.controller.StudentController       : Student updated successfully
2023-11-30T10:24:31.686+05:30  INFO 21140 --- [main] c.e.S.controller.StudentController       : Method getStudents started
2023-11-30T10:24:31.687+05:30  INFO 21140 --- [main] c.e.S.controller.StudentController       : Method getStudents completed
2023-11-30T10:24:31.694+05:30  INFO 21140 --- [main] c.e.S.controller.StudentController       : Method addStudent started
2023-11-30T10:24:31.695+05:30  INFO 21140 --- [main] c.e.S.controller.StudentController       : Student added successfully
2023-11-30T10:24:31.703+05:30  INFO 21140 --- [main] c.e.S.controller.StudentController       : Method deleteStudent started
2023-11-30T10:24:31.705+05:30  INFO 21140 --- [main] c.e.S.controller.StudentController       : Student got deleted successfully
2023-11-30T10:24:31.713+05:30  INFO 21140 --- [main] c.e.S.controller.StudentController       : Method deleteAllStudents started
2023-11-30T10:24:31.714+05:30  INFO 21140 --- [main] c.e.S.controller.StudentController       : All students deleted successfully
2023-11-30T10:26:56.775+05:30  INFO 27816 --- [RMI TCP Connection(7)-127.0.0.1] inMXBeanRegistrar$SpringApplicationAdmin : Application shutdown requested.
2023-11-30T10:26:56.787+05:30  INFO 27816 --- [RMI TCP Connection(7)-127.0.0.1] o.apache.catalina.core.StandardService   : Stopping service [Tomcat]
